<?xml version="1.0" encoding="UTF-8"?>
<testsuite xmlns:xsi="http://www.w3.org/2001/XMLSchema-instance" xsi:noNamespaceSchemaLocation="https://maven.apache.org/surefire/maven-surefire-plugin/xsd/surefire-test-report.xsd" name="com.dewdropper.datastore.eventstore.EventStoreUtilsTest" time="0.302" tests="4" errors="0" skipped="0" failures="0">
  <properties>
[...]
</properties>
  <testcase name="createListener" classname="com.dewdropper.datastore.eventstore.EventStoreUtilsTest" time="0.285"/>
  <testcase name="options" classname="com.dewdropper.datastore.eventstore.EventStoreUtilsTest" time="0.005"/>
  <testcase name="toStreamReadResults" classname="com.dewdropper.datastore.eventstore.EventStoreUtilsTest" time="0.007"/>
  <testcase name="toReadEventData" classname="com.dewdropper.datastore.eventstore.EventStoreUtilsTest" time="0.001"/>
</testsuite>